<?xml version="1.0" encoding="UTF-8"?>
<!-- Generated by org.testng.reporters.JUnitReportReporter -->
<testsuite hostname="Hamzehsharaf" failures="0" tests="1" name="LoginPage.MyTestCases" time="0.872" errors="0" timestamp="2025-07-08T13:45:43 EET" skipped="0">
  <testcase classname="LoginPage.MyTestCases" name="Signup" time="0.872"/>
</testsuite> <!-- LoginPage.MyTestCases -->
